# JRE version: Java(TM) SE Runtime Environment (8.0_25-b18) (build 1.8.0_25-b18)
# Java VM: Java HotSpot(TM) 64-Bit Server VM (25.25-b02 mixed mode windows-amd64 compressed oops)
Heap:
 PSYoungGen      total 37376K, used 2685K [0x00000000d5f00000, 0x00000000d9080000, 0x0000000100000000)
  eden space 26112K, 7% used [0x00000000d5f00000,0x00000000d60df510,0x00000000d7880000)
  from space 11264K, 6% used [0x00000000d8580000,0x00000000d8640000,0x00000000d9080000)
  to   space 12288K, 0% used [0x00000000d7880000,0x00000000d7880000,0x00000000d8480000)
 ParOldGen       total 87552K, used 44060K [0x0000000081c00000, 0x0000000087180000, 0x00000000d5f00000)
  object space 87552K, 50% used [0x0000000081c00000,0x00000000847072d8,0x0000000087180000)
 Metaspace       used 15024K, capacity 15216K, committed 15616K, reserved 1062912K
  class space    used 1911K, capacity 1957K, committed 2048K, reserved 1048576K
GC Heap History (10 events):
Event: 55.159 GC heap before
{Heap before GC invocations=14 (full 0):
 PSYoungGen      total 29184K, used 28768K [0x00000000d5f00000, 0x00000000d9900000, 0x0000000100000000)
  eden space 28672K, 100% used [0x00000000d5f00000,0x00000000d7b00000,0x00000000d7b00000)
  from space 512K, 18% used [0x00000000d7b80000,0x00000000d7b98000,0x00000000d7c00000)
  to   space 15360K, 0% used [0x00000000d8a00000,0x00000000d8a00000,0x00000000d9900000)
 ParOldGen       total 87552K, used 43952K [0x0000000081c00000, 0x0000000087180000, 0x00000000d5f00000)
  object space 87552K, 50% used [0x0000000081c00000,0x00000000846ec2c8,0x0000000087180000)
 Metaspace       used 14938K, capacity 15152K, committed 15360K, reserved 1062912K
  class space    used 1911K, capacity 1957K, committed 2048K, reserved 1048576K
Event: 55.190 GC heap after
Heap after GC invocations=14 (full 0):
 PSYoungGen      total 41984K, used 160K [0x00000000d5f00000, 0x00000000d9780000, 0x0000000100000000)
  eden space 28160K, 0% used [0x00000000d5f00000,0x00000000d5f00000,0x00000000d7a80000)
  from space 13824K, 1% used [0x00000000d8a00000,0x00000000d8a28000,0x00000000d9780000)
  to   space 14848K, 0% used [0x00000000d7a80000,0x00000000d7a80000,0x00000000d8900000)
 ParOldGen       total 87552K, used 43996K [0x0000000081c00000, 0x0000000087180000, 0x00000000d5f00000)
  object space 87552K, 50% used [0x0000000081c00000,0x00000000846f72d8,0x0000000087180000)
 Metaspace       used 14938K, capacity 15152K, committed 15360K, reserved 1062912K
  class space    used 1911K, capacity 1957K, committed 2048K, reserved 1048576K
}
Event: 61.668 GC heap before
{Heap before GC invocations=15 (full 0):
 PSYoungGen      total 41984K, used 28320K [0x00000000d5f00000, 0x00000000d9780000, 0x0000000100000000)
  eden space 28160K, 100% used [0x00000000d5f00000,0x00000000d7a80000,0x00000000d7a80000)
  from space 13824K, 1% used [0x00000000d8a00000,0x00000000d8a28000,0x00000000d9780000)
  to   space 14848K, 0% used [0x00000000d7a80000,0x00000000d7a80000,0x00000000d8900000)
 ParOldGen       total 87552K, used 43996K [0x0000000081c00000, 0x0000000087180000, 0x00000000d5f00000)
  object space 87552K, 50% used [0x0000000081c00000,0x00000000846f72d8,0x0000000087180000)
 Metaspace       used 14938K, capacity 15152K, committed 15360K, reserved 1062912K
  class space    used 1911K, capacity 1957K, committed 2048K, reserved 1048576K
Event: 61.698 GC heap after
Heap after GC invocations=15 (full 0):
 PSYoungGen      total 28160K, used 96K [0x00000000d5f00000, 0x00000000d9500000, 0x0000000100000000)
  eden space 27648K, 0% used [0x00000000d5f00000,0x00000000d5f00000,0x00000000d7a00000)
  from space 512K, 18% used [0x00000000d7a80000,0x00000000d7a98000,0x00000000d7b00000)
  to   space 13824K, 0% used [0x00000000d8780000,0x00000000d8780000,0x00000000d9500000)
 ParOldGen       total 87552K, used 44052K [0x0000000081c00000, 0x0000000087180000, 0x00000000d5f00000)
  object space 87552K, 50% used [0x0000000081c00000,0x00000000847052d8,0x0000000087180000)
 Metaspace       used 14938K, capacity 15152K, committed 15360K, reserved 1062912K
  class space    used 1911K, capacity 1957K, committed 2048K, reserved 1048576K
}
Event: 67.673 GC heap before
{Heap before GC invocations=16 (full 0):
 PSYoungGen      total 28160K, used 27744K [0x00000000d5f00000, 0x00000000d9500000, 0x0000000100000000)
  eden space 27648K, 100% used [0x00000000d5f00000,0x00000000d7a00000,0x00000000d7a00000)
  from space 512K, 18% used [0x00000000d7a80000,0x00000000d7a98000,0x00000000d7b00000)
  to   space 13824K, 0% used [0x00000000d8780000,0x00000000d8780000,0x00000000d9500000)
 ParOldGen       total 87552K, used 44052K [0x0000000081c00000, 0x0000000087180000, 0x00000000d5f00000)
  object space 87552K, 50% used [0x0000000081c00000,0x00000000847052d8,0x0000000087180000)
 Metaspace       used 14938K, capacity 15152K, committed 15360K, reserved 1062912K
  class space    used 1911K, capacity 1957K, committed 2048K, reserved 1048576K
Event: 67.772 GC heap after
Heap after GC invocations=16 (full 0):
 PSYoungGen      total 39424K, used 64K [0x00000000d5f00000, 0x00000000d9380000, 0x0000000100000000)
  eden space 27136K, 0% used [0x00000000d5f00000,0x00000000d5f00000,0x00000000d7980000)
  from space 12288K, 0% used [0x00000000d8780000,0x00000000d8790000,0x00000000d9380000)
  to   space 13312K, 0% used [0x00000000d7980000,0x00000000d7980000,0x00000000d8680000)
 ParOldGen       total 87552K, used 44052K [0x0000000081c00000, 0x0000000087180000, 0x00000000d5f00000)
  object space 87552K, 50% used [0x0000000081c00000,0x00000000847052d8,0x0000000087180000)
 Metaspace       used 14938K, capacity 15152K, committed 15360K, reserved 1062912K
  class space    used 1911K, capacity 1957K, committed 2048K, reserved 1048576K
}
Event: 73.426 GC heap before
{Heap before GC invocations=17 (full 0):
 PSYoungGen      total 39424K, used 27200K [0x00000000d5f00000, 0x00000000d9380000, 0x0000000100000000)
  eden space 27136K, 100% used [0x00000000d5f00000,0x00000000d7980000,0x00000000d7980000)
  from space 12288K, 0% used [0x00000000d8780000,0x00000000d8790000,0x00000000d9380000)
  to   space 13312K, 0% used [0x00000000d7980000,0x00000000d7980000,0x00000000d8680000)
 ParOldGen       total 87552K, used 44052K [0x0000000081c00000, 0x0000000087180000, 0x00000000d5f00000)
  object space 87552K, 50% used [0x0000000081c00000,0x00000000847052d8,0x0000000087180000)
 Metaspace       used 14938K, capacity 15152K, committed 15360K, reserved 1062912K
  class space    used 1911K, capacity 1957K, committed 2048K, reserved 1048576K
Event: 73.443 GC heap after
Heap after GC invocations=17 (full 0):
 PSYoungGen      total 27136K, used 32K [0x00000000d5f00000, 0x00000000d9200000, 0x0000000100000000)
  eden space 26624K, 0% used [0x00000000d5f00000,0x00000000d5f00000,0x00000000d7900000)
  from space 512K, 6% used [0x00000000d7980000,0x00000000d7988000,0x00000000d7a00000)
  to   space 12800K, 0% used [0x00000000d8580000,0x00000000d8580000,0x00000000d9200000)
 ParOldGen       total 87552K, used 44052K [0x0000000081c00000, 0x0000000087180000, 0x00000000d5f00000)
  object space 87552K, 50% used [0x0000000081c00000,0x00000000847052d8,0x0000000087180000)
 Metaspace       used 14938K, capacity 15152K, committed 15360K, reserved 1062912K
  class space    used 1911K, capacity 1957K, committed 2048K, reserved 1048576K
}
Event: 81.855 GC heap before
{Heap before GC invocations=18 (full 0):
 PSYoungGen      total 27136K, used 26656K [0x00000000d5f00000, 0x00000000d9200000, 0x0000000100000000)
  eden space 26624K, 100% used [0x00000000d5f00000,0x00000000d7900000,0x00000000d7900000)
  from space 512K, 6% used [0x00000000d7980000,0x00000000d7988000,0x00000000d7a00000)
  to   space 12800K, 0% used [0x00000000d8580000,0x00000000d8580000,0x00000000d9200000)
 ParOldGen       total 87552K, used 44052K [0x0000000081c00000, 0x0000000087180000, 0x00000000d5f00000)
  object space 87552K, 50% used [0x0000000081c00000,0x00000000847052d8,0x0000000087180000)
 Metaspace       used 15024K, capacity 15216K, committed 15616K, reserved 1062912K
  class space    used 1911K, capacity 1957K, committed 2048K, reserved 1048576K
Event: 81.953 GC heap after
Heap after GC invocations=18 (full 0):
 PSYoungGen      total 37376K, used 768K [0x00000000d5f00000, 0x00000000d9080000, 0x0000000100000000)
  eden space 26112K, 0% used [0x00000000d5f00000,0x00000000d5f00000,0x00000000d7880000)
  from space 11264K, 6% used [0x00000000d8580000,0x00000000d8640000,0x00000000d9080000)
  to   space 12288K, 0% used [0x00000000d7880000,0x00000000d7880000,0x00000000d8480000)
 ParOldGen       total 87552K, used 44060K [0x0000000081c00000, 0x0000000087180000, 0x00000000d5f00000)
  object space 87552K, 50% used [0x0000000081c00000,0x00000000847072d8,0x0000000087180000)
 Metaspace       used 15024K, capacity 15216K, committed 15616K, reserved 1062912K
  class space    used 1911K, capacity 1957K, committed 2048K, reserved 1048576K
}

